<?xml version="1.0" encoding="UTF-8"?>
<!-- Generated by org.testng.reporters.JUnitXMLReporter -->
<testsuite hostname="K2A4769" ignored="0" name="Test" tests="8" failures="5" timestamp="14 Nov 2019 20:00:00 GMT" time="187.421" errors="0">
  <testcase name="verifyLogin" time="23.428" classname="com.genericode.Key2ActLogin">
    <failure type="java.lang.IndexOutOfBoundsException" message="Index: 0, Size: 0">
      <![CDATA[java.lang.IndexOutOfBoundsException: Index: 0, Size: 0
at java.util.ArrayList.rangeCheck(ArrayList.java:657)
at java.util.ArrayList.get(ArrayList.java:433)
at org.openqa.selenium.support.pagefactory.internal.LocatingElementListHandler.invoke(LocatingElementListHandler.java:39)
at com.sun.proxy.$Proxy9.get(Unknown Source)
at com.genericode.Key2ActLogin.verifyLogin(Key2ActLogin.java:58)
... Removed 28 stack frames]]>
    </failure>
  </testcase> <!-- verifyLogin -->
  <testcase name="updatepasswd" time="0.305" classname="com.genericode.Key2ActUpdatePass">
    <failure type="org.openqa.selenium.ElementClickInterceptedException" message="element click intercepted: Element &amp;lt;span class=&amp;quot;jss237&amp;quot;&amp;gt;...&amp;lt;/span&amp;gt; is not clickable at point (1009, 425). Other element would receive the click: &amp;lt;div class=&amp;quot;UpdatePasswordCard_buttonContainer__3mwSz&amp;quot;&amp;gt;...&amp;lt;/div&amp;gt;
  (Session info: chrome=78.0.3904.97)
Build info: version: &amp;apos;3.141.59&amp;apos;, revision: &amp;apos;e82be7d358&amp;apos;, time: &amp;apos;2018-11-14T08:25:48&amp;apos;
System info: host: &amp;apos;K2A4769&amp;apos;, ip: &amp;apos;192.168.1.223&amp;apos;, os.name: &amp;apos;Windows 10&amp;apos;, os.arch: &amp;apos;amd64&amp;apos;, os.version: &amp;apos;10.0&amp;apos;, java.version: &amp;apos;1.8.0_231&amp;apos;
Driver info: org.openqa.selenium.chrome.ChromeDriver
Capabilities {acceptInsecureCerts: false, browserName: chrome, browserVersion: 78.0.3904.97, chrome: {chromedriverVersion: 77.0.3865.40 (f484704e052e0..., userDataDir: C:\Users\UKarim\AppData\Loc...}, goog:chromeOptions: {debuggerAddress: localhost:60456}, javascriptEnabled: true, networkConnectionEnabled: false, pageLoadStrategy: normal, platform: XP, platformName: XP, proxy: Proxy(), setWindowRect: true, strictFileInteractability: false, timeouts: {implicit: 0, pageLoad: 300000, script: 30000}, unhandledPromptBehavior: dismiss and notify}
Session ID: 3ca43e12566957981710170666b41cdc">
      <![CDATA[org.openqa.selenium.ElementClickInterceptedException: element click intercepted: Element <span class="jss237">...</span> is not clickable at point (1009, 425). Other element would receive the click: <div class="UpdatePasswordCard_buttonContainer__3mwSz">...</div>
  (Session info: chrome=78.0.3904.97)
Build info: version: '3.141.59', revision: 'e82be7d358', time: '2018-11-14T08:25:48'
System info: host: 'K2A4769', ip: '192.168.1.223', os.name: 'Windows 10', os.arch: 'amd64', os.version: '10.0', java.version: '1.8.0_231'
Driver info: org.openqa.selenium.chrome.ChromeDriver
Capabilities {acceptInsecureCerts: false, browserName: chrome, browserVersion: 78.0.3904.97, chrome: {chromedriverVersion: 77.0.3865.40 (f484704e052e0..., userDataDir: C:\Users\UKarim\AppData\Loc...}, goog:chromeOptions: {debuggerAddress: localhost:60456}, javascriptEnabled: true, networkConnectionEnabled: false, pageLoadStrategy: normal, platform: XP, platformName: XP, proxy: Proxy(), setWindowRect: true, strictFileInteractability: false, timeouts: {implicit: 0, pageLoad: 300000, script: 30000}, unhandledPromptBehavior: dismiss and notify}
Session ID: 3ca43e12566957981710170666b41cdc
at org.openqa.selenium.remote.http.W3CHttpResponseCodec.createException(W3CHttpResponseCodec.java:187)
at org.openqa.selenium.remote.http.W3CHttpResponseCodec.decode(W3CHttpResponseCodec.java:122)
at org.openqa.selenium.remote.http.W3CHttpResponseCodec.decode(W3CHttpResponseCodec.java:49)
at org.openqa.selenium.remote.HttpCommandExecutor.execute(HttpCommandExecutor.java:158)
at org.openqa.selenium.remote.service.DriverCommandExecutor.execute(DriverCommandExecutor.java:83)
at org.openqa.selenium.remote.RemoteWebDriver.execute(RemoteWebDriver.java:552)
at org.openqa.selenium.remote.RemoteWebElement.execute(RemoteWebElement.java:285)
at org.openqa.selenium.remote.RemoteWebElement.click(RemoteWebElement.java:84)
at com.generic.UpdatePassword.getupdatepwd(UpdatePassword.java:17)
at com.genericode.Key2ActUpdatePass.updatepasswd(Key2ActUpdatePass.java:20)
... Removed 29 stack frames]]>
    </failure>
  </testcase> <!-- updatepasswd -->
  <testcase name="IOT" time="0.235" classname="com.genericode.Key2ActIoT"/>
  <testcase name="Agent" time="3.4" classname="com.genericode.Key2ActIoT"/>
  <testcase name="EditCompanyView" time="3.11" classname="com.genericode.Key2ActMenu">
    <failure type="org.openqa.selenium.InvalidSelectorException" message="invalid selector: Unable to locate an element with the xpath expression (/html[1]/body[1]/div[1]/div[1]/div[1]/div[2]/div[3]/div[1]/div[1]/div[1]/div[2]/div[1]/ul[1]/div[1]/li[1] because of the following error:
SyntaxError: Failed to execute &amp;apos;evaluate&amp;apos; on &amp;apos;Document&amp;apos;: The string &amp;apos;(/html[1]/body[1]/div[1]/div[1]/div[1]/div[2]/div[3]/div[1]/div[1]/div[1]/div[2]/div[1]/ul[1]/div[1]/li[1]&amp;apos; is not a valid XPath expression.
  (Session info: chrome=78.0.3904.97)
For documentation on this error, please visit: https://www.seleniumhq.org/exceptions/invalid_selector_exception.html
Build info: version: &amp;apos;3.141.59&amp;apos;, revision: &amp;apos;e82be7d358&amp;apos;, time: &amp;apos;2018-11-14T08:25:48&amp;apos;
System info: host: &amp;apos;K2A4769&amp;apos;, ip: &amp;apos;192.168.1.223&amp;apos;, os.name: &amp;apos;Windows 10&amp;apos;, os.arch: &amp;apos;amd64&amp;apos;, os.version: &amp;apos;10.0&amp;apos;, java.version: &amp;apos;1.8.0_231&amp;apos;
Driver info: org.openqa.selenium.chrome.ChromeDriver
Capabilities {acceptInsecureCerts: false, browserName: chrome, browserVersion: 78.0.3904.97, chrome: {chromedriverVersion: 77.0.3865.40 (f484704e052e0..., userDataDir: C:\Users\UKarim\AppData\Loc...}, goog:chromeOptions: {debuggerAddress: localhost:60378}, javascriptEnabled: true, networkConnectionEnabled: false, pageLoadStrategy: normal, platform: XP, platformName: XP, proxy: Proxy(), setWindowRect: true, strictFileInteractability: false, timeouts: {implicit: 0, pageLoad: 300000, script: 30000}, unhandledPromptBehavior: dismiss and notify}
Session ID: 897209d51f71341a4bd142da00a96f34
*** Element info: {Using=xpath, value=(/html[1]/body[1]/div[1]/div[1]/div[1]/div[2]/div[3]/div[1]/div[1]/div[1]/div[2]/div[1]/ul[1]/div[1]/li[1]}">
      <![CDATA[org.openqa.selenium.InvalidSelectorException: invalid selector: Unable to locate an element with the xpath expression (/html[1]/body[1]/div[1]/div[1]/div[1]/div[2]/div[3]/div[1]/div[1]/div[1]/div[2]/div[1]/ul[1]/div[1]/li[1] because of the following error:
SyntaxError: Failed to execute 'evaluate' on 'Document': The string '(/html[1]/body[1]/div[1]/div[1]/div[1]/div[2]/div[3]/div[1]/div[1]/div[1]/div[2]/div[1]/ul[1]/div[1]/li[1]' is not a valid XPath expression.
  (Session info: chrome=78.0.3904.97)
For documentation on this error, please visit: https://www.seleniumhq.org/exceptions/invalid_selector_exception.html
Build info: version: '3.141.59', revision: 'e82be7d358', time: '2018-11-14T08:25:48'
System info: host: 'K2A4769', ip: '192.168.1.223', os.name: 'Windows 10', os.arch: 'amd64', os.version: '10.0', java.version: '1.8.0_231'
Driver info: org.openqa.selenium.chrome.ChromeDriver
Capabilities {acceptInsecureCerts: false, browserName: chrome, browserVersion: 78.0.3904.97, chrome: {chromedriverVersion: 77.0.3865.40 (f484704e052e0..., userDataDir: C:\Users\UKarim\AppData\Loc...}, goog:chromeOptions: {debuggerAddress: localhost:60378}, javascriptEnabled: true, networkConnectionEnabled: false, pageLoadStrategy: normal, platform: XP, platformName: XP, proxy: Proxy(), setWindowRect: true, strictFileInteractability: false, timeouts: {implicit: 0, pageLoad: 300000, script: 30000}, unhandledPromptBehavior: dismiss and notify}
Session ID: 897209d51f71341a4bd142da00a96f34
*** Element info: {Using=xpath, value=(/html[1]/body[1]/div[1]/div[1]/div[1]/div[2]/div[3]/div[1]/div[1]/div[1]/div[2]/div[1]/ul[1]/div[1]/li[1]}
at org.openqa.selenium.remote.http.W3CHttpResponseCodec.createException(W3CHttpResponseCodec.java:187)
at org.openqa.selenium.remote.http.W3CHttpResponseCodec.decode(W3CHttpResponseCodec.java:122)
at org.openqa.selenium.remote.http.W3CHttpResponseCodec.decode(W3CHttpResponseCodec.java:49)
at org.openqa.selenium.remote.HttpCommandExecutor.execute(HttpCommandExecutor.java:158)
at org.openqa.selenium.remote.service.DriverCommandExecutor.execute(DriverCommandExecutor.java:83)
at org.openqa.selenium.remote.RemoteWebDriver.execute(RemoteWebDriver.java:552)
at org.openqa.selenium.remote.RemoteWebDriver.findElements(RemoteWebDriver.java:353)
at org.openqa.selenium.remote.RemoteWebDriver.findElementsByXPath(RemoteWebDriver.java:432)
at org.openqa.selenium.By$ByXPath.findElements(By.java:348)
at org.openqa.selenium.remote.RemoteWebDriver.findElements(RemoteWebDriver.java:311)
at org.openqa.selenium.support.pagefactory.DefaultElementLocator.findElements(DefaultElementLocator.java:85)
at org.openqa.selenium.support.pagefactory.internal.LocatingElementListHandler.invoke(LocatingElementListHandler.java:36)
at com.sun.proxy.$Proxy9.get(Unknown Source)
at com.generic.Menu.geteditjcompany(Menu.java:14)
at com.genericode.Key2ActMenu.EditCompanyView(Key2ActMenu.java:41)
... Removed 29 stack frames]]>
    </failure>
  </testcase> <!-- EditCompanyView -->
  <testcase name="ManageRoles" time="50.202" classname="com.genericode.Key2ActMenu">
    <failure type="java.lang.IllegalArgumentException" message="Keys to send should be a not null CharSequence">
      <![CDATA[java.lang.IllegalArgumentException: Keys to send should be a not null CharSequence
at org.openqa.selenium.remote.RemoteWebElement.sendKeys(RemoteWebElement.java:97)
at com.generic.Menu.getMrole(Menu.java:63)
at com.genericode.Key2ActMenu.ManageRoles(Key2ActMenu.java:64)
... Removed 25 stack frames]]>
    </failure>
  </testcase> <!-- ManageRoles -->
  <testcase name="createcompany" time="2.761" classname="com.genericode.Key2ActCreateC">
    <failure type="java.lang.IndexOutOfBoundsException" message="Index: 0">
      <![CDATA[java.lang.IndexOutOfBoundsException: Index: 0
at java.util.Collections$EmptyList.get(Collections.java:4456)
at org.openqa.selenium.support.pagefactory.internal.LocatingElementListHandler.invoke(LocatingElementListHandler.java:39)
at com.sun.proxy.$Proxy9.get(Unknown Source)
at com.generic.Createcompany.company(Createcompany.java:10)
at com.genericode.Key2ActCreateC.createcompany(Key2ActCreateC.java:18)
... Removed 28 stack frames]]>
    </failure>
  </testcase> <!-- createcompany -->
  <testcase name="signuppage" time="20.703" classname="com.genericode.Key2ActSignUp"/>
</testsuite> <!-- Test -->
